[2019-12-04T10:13:34.421] [INFO] default - getAllTweetsFollowing method starts
[2019-12-04T10:13:34.543] [INFO] default - getUserLikedTweetIds method starts
[2019-12-04T10:14:56.788] [INFO] default - login method starts
[2019-12-04T10:14:56.901] [INFO] default - login method end
[2019-12-04T10:14:57.054] [INFO] default - getAllTweetsFollowing method starts
[2019-12-04T10:14:57.254] [INFO] default - getAllTweetsFollowing method end
[2019-12-04T10:14:57.269] [INFO] default - getUserLikedTweetIds method starts
[2019-12-04T10:14:57.362] [INFO] default - getUserLikedTweetIds method end
[2019-12-04T10:14:57.379] [INFO] default - getUserRetweets method starts
[2019-12-04T10:14:57.474] [INFO] default - getUserRetweets method end
[2019-12-04T10:15:00.958] [INFO] default - getAllTweetsFollowing method starts
[2019-12-04T10:15:01.131] [INFO] default - getAllTweetsFollowing method end
[2019-12-04T10:15:01.167] [INFO] default - getUserLikedTweetIds method starts
[2019-12-04T10:15:01.264] [INFO] default - getUserLikedTweetIds method end
[2019-12-04T10:15:01.277] [INFO] default - getUserRetweets method starts
[2019-12-04T10:15:01.362] [INFO] default - getUserRetweets method end
[2019-12-04T10:15:11.415] [INFO] default - findUsers method starts
[2019-12-04T10:15:11.505] [INFO] default - findUsers method end
[2019-12-04T10:15:13.536] [INFO] default - findUsers method starts
[2019-12-04T10:15:13.619] [INFO] default - findUsers method end
[2019-12-04T10:15:22.189] [INFO] default - findUsers method starts
[2019-12-04T10:15:22.275] [INFO] default - findUsers method end
[2019-12-04T10:15:23.801] [INFO] default - findUsers method starts
[2019-12-04T10:15:23.888] [INFO] default - findUsers method end
[2019-12-04T10:15:46.752] [INFO] default - findUsers method starts
[2019-12-04T10:15:46.840] [INFO] default - findUsers method end
[2019-12-04T10:15:49.892] [INFO] default - findUsers method starts
[2019-12-04T10:15:49.978] [INFO] default - findUsers method end
[2019-12-04T10:15:58.383] [INFO] default - findUsers method starts
[2019-12-04T10:15:58.469] [INFO] default - findUsers method end
[2019-12-04T10:16:31.315] [INFO] default - signUp method starts
[2019-12-04T10:16:31.534] [INFO] default - signUp method end
[2019-12-04T10:16:49.675] [INFO] default - findUsers method starts
[2019-12-04T10:16:49.761] [INFO] default - findUsers method end
[2019-12-04T10:16:57.433] [INFO] default - getUserTweets method starts
[2019-12-04T10:16:57.435] [INFO] default - getProfile method starts
[2019-12-04T10:16:57.518] [INFO] default - getUserTweets method end
[2019-12-04T10:16:57.533] [INFO] default - getUserLikedTweetIds method starts
[2019-12-04T10:16:58.730] [INFO] default - getUserLikedTweetIds method end
[2019-12-04T10:16:58.732] [INFO] default - getProfile method end
[2019-12-04T10:16:58.762] [INFO] default - getUserRetweets method starts
[2019-12-04T10:16:58.923] [INFO] default - getUserRetweets method end
[2019-12-04T10:17:04.714] [INFO] default - followUser method starts
[2019-12-04T10:17:04.889] [INFO] default - followUser method end
[2019-12-04T10:17:05.616] [INFO] default - getUserTweets method starts
[2019-12-04T10:17:05.623] [INFO] default - getProfile method starts
[2019-12-04T10:17:05.701] [INFO] default - getUserTweets method end
[2019-12-04T10:17:05.793] [INFO] default - getUserLikedTweetIds method starts
[2019-12-04T10:17:05.873] [INFO] default - getUserLikedTweetIds method end
[2019-12-04T10:17:05.910] [INFO] default - getUserRetweets method starts
[2019-12-04T10:17:06.232] [INFO] default - getUserRetweets method end
[2019-12-04T10:17:14.594] [INFO] default - getListsByUserName method starts
[2019-12-04T10:17:14.680] [INFO] default - getListsByUserName method end
[2019-12-04T10:17:17.551] [INFO] default - getConversations method starts
[2019-12-04T10:17:17.640] [INFO] default - getConversations method end
[2019-12-04T10:17:24.256] [INFO] default - getMessages method starts
[2019-12-04T10:17:24.343] [INFO] default - getMessages method end
[2019-12-04T10:17:28.082] [INFO] default - setMessage method starts
[2019-12-04T10:17:28.263] [INFO] default - setMessage method end
[2019-12-04T10:17:28.275] [INFO] default - getMessages method starts
[2019-12-04T10:17:28.360] [INFO] default - getMessages method end
[2019-12-04T10:17:33.589] [INFO] default - setMessage method starts
[2019-12-04T10:17:33.769] [INFO] default - setMessage method end
[2019-12-04T10:17:33.802] [INFO] default - getMessages method starts
[2019-12-04T10:17:33.979] [INFO] default - getMessages method end
[2019-12-04T10:17:42.699] [INFO] default - findUsers method starts
[2019-12-04T10:17:43.044] [INFO] default - findUsers method end
[2019-12-04T10:17:45.013] [INFO] default - setMessage method starts
[2019-12-04T10:17:45.298] [INFO] default - getConversations method starts
[2019-12-04T10:17:45.383] [INFO] default - getConversations method end
[2019-12-04T10:17:48.675] [INFO] default - getConversations method starts
[2019-12-04T10:17:48.762] [INFO] default - getConversations method end
[2019-12-04T10:17:50.230] [INFO] default - getMessages method starts
[2019-12-04T10:17:50.761] [INFO] default - getMessages method end
[2019-12-04T10:17:56.663] [INFO] default - setMessage method starts
[2019-12-04T10:17:56.831] [INFO] default - setMessage method end
[2019-12-04T10:17:56.853] [INFO] default - getMessages method starts
[2019-12-04T10:17:56.937] [INFO] default - getMessages method end
[2019-12-04T10:18:07.479] [INFO] default - login method starts
[2019-12-04T10:18:07.574] [INFO] default - login method end
[2019-12-04T10:18:07.651] [INFO] default - getAllTweetsFollowing method starts
[2019-12-04T10:18:07.903] [INFO] default - getAllTweetsFollowing method end
[2019-12-04T10:18:07.914] [INFO] default - getUserLikedTweetIds method starts
[2019-12-04T10:18:07.997] [INFO] default - getUserLikedTweetIds method end
[2019-12-04T10:18:08.007] [INFO] default - getUserRetweets method starts
[2019-12-04T10:18:08.091] [INFO] default - getUserRetweets method end
[2019-12-04T10:18:09.613] [INFO] default - getConversations method starts
[2019-12-04T10:18:09.701] [INFO] default - getConversations method end
[2019-12-04T10:18:27.787] [INFO] default - getAllTweetsFollowing method starts
[2019-12-04T10:18:27.952] [INFO] default - getAllTweetsFollowing method end
[2019-12-04T10:18:27.980] [INFO] default - getUserLikedTweetIds method starts
[2019-12-04T10:18:28.205] [INFO] default - getUserLikedTweetIds method end
[2019-12-04T10:18:28.223] [INFO] default - getUserRetweets method starts
[2019-12-04T10:18:28.305] [INFO] default - getUserRetweets method end
[2019-12-04T10:18:29.452] [INFO] default - getUserTweets method starts
[2019-12-04T10:18:29.460] [INFO] default - getProfile method starts
[2019-12-04T10:18:29.538] [INFO] default - getUserTweets method end
[2019-12-04T10:18:29.618] [INFO] default - getUserLikedTweetIds method starts
[2019-12-04T10:18:29.702] [INFO] default - getUserLikedTweetIds method end
[2019-12-04T10:18:29.724] [INFO] default - getUserRetweets method starts
[2019-12-04T10:18:29.810] [INFO] default - getUserRetweets method end
[2019-12-04T10:18:41.182] [INFO] default - findUsers method starts
[2019-12-04T10:18:41.267] [INFO] default - findUsers method end
[2019-12-04T10:18:42.412] [INFO] default - setMessage method starts
[2019-12-04T10:18:42.581] [INFO] default - setMessage method end
[2019-12-04T10:18:42.589] [INFO] default - getConversations method starts
[2019-12-04T10:18:42.674] [INFO] default - getConversations method end
[2019-12-04T10:18:45.554] [INFO] default - getMessages method starts
[2019-12-04T10:18:45.638] [INFO] default - getMessages method end
[2019-12-04T10:18:54.151] [INFO] default - getConversations method starts
[2019-12-04T10:18:54.241] [INFO] default - getConversations method end
[2019-12-04T10:18:57.130] [INFO] default - getMessages method starts
[2019-12-04T10:18:57.215] [INFO] default - getMessages method end
[2019-12-04T10:19:04.131] [INFO] default - setMessage method starts
[2019-12-04T10:19:04.302] [INFO] default - setMessage method end
[2019-12-04T10:19:04.311] [INFO] default - getMessages method starts
[2019-12-04T10:19:04.397] [INFO] default - getMessages method end
[2019-12-04T10:19:09.798] [INFO] default - getConversations method starts
[2019-12-04T10:19:09.884] [INFO] default - getConversations method end
[2019-12-04T10:19:11.506] [INFO] default - getMessages method starts
[2019-12-04T10:19:11.594] [INFO] default - getMessages method end
[2019-12-04T10:19:16.168] [INFO] default - setMessage method starts
[2019-12-04T10:19:16.338] [INFO] default - setMessage method end
[2019-12-04T10:19:16.356] [INFO] default - getMessages method starts
[2019-12-04T10:19:16.549] [INFO] default - getMessages method end
[2019-12-04T10:19:30.569] [INFO] default - getConversations method starts
[2019-12-04T10:19:30.657] [INFO] default - getConversations method end
[2019-12-04T10:19:32.066] [INFO] default - getMessages method starts
[2019-12-04T10:19:32.153] [INFO] default - getMessages method end
[2019-12-04T10:19:39.715] [INFO] default - setMessage method starts
[2019-12-04T10:19:39.886] [INFO] default - setMessage method end
[2019-12-04T10:19:39.894] [INFO] default - getMessages method starts
[2019-12-04T10:19:39.982] [INFO] default - getMessages method end
[2019-12-04T10:19:48.756] [INFO] default - getConversations method starts
[2019-12-04T10:19:48.840] [INFO] default - getConversations method end
[2019-12-04T10:19:50.132] [INFO] default - getMessages method starts
[2019-12-04T10:19:50.219] [INFO] default - getMessages method end
